Jul 01, 2015 8:59:24 AM gui info
INFO: Read file value is 2
Jul 01, 2015 8:59:26 AM gui info
INFO: Checking In battle
Jul 01, 2015 8:59:26 AM gui info
INFO: AFter In battle
Jul 01, 2015 8:59:28 AM gui info
INFO: End of battle false
Jul 01, 2015 8:59:31 AM gui info
INFO: clicked safe spot
Jul 01, 2015 8:59:31 AM gui info
INFO: end loop
Jul 01, 2015 8:59:31 AM gui info
INFO: Read file value is 2
Jul 01, 2015 8:59:34 AM gui info
INFO: Checking In battle
Jul 01, 2015 8:59:34 AM gui info
INFO: AFter In battle
Jul 01, 2015 8:59:36 AM gui info
INFO: End of battle false
Jul 01, 2015 8:59:39 AM gui info
INFO: clicked safe spot
Jul 01, 2015 8:59:39 AM gui info
INFO: end loop
Jul 01, 2015 8:59:39 AM gui info
INFO: Read file value is 2
Jul 01, 2015 8:59:41 AM gui info
INFO: Checking In battle
Jul 01, 2015 8:59:41 AM gui info
INFO: AFter In battle
Jul 01, 2015 8:59:43 AM gui info
INFO: End of battle false
Jul 01, 2015 8:59:47 AM gui info
INFO: clicked safe spot
Jul 01, 2015 8:59:47 AM gui info
INFO: end loop
Jul 01, 2015 8:59:47 AM gui info
INFO: Read file value is 2
Jul 01, 2015 8:59:49 AM gui info
INFO: Checking In battle
Jul 01, 2015 8:59:49 AM gui info
INFO: AFter In battle
Jul 01, 2015 8:59:51 AM gui info
INFO: End of battle false
Jul 01, 2015 8:59:54 AM gui info
INFO: clicked safe spot
Jul 01, 2015 8:59:54 AM gui info
INFO: end loop
Jul 01, 2015 8:59:54 AM gui info
INFO: Read file value is 2
Jul 01, 2015 8:59:56 AM gui info
INFO: Checking In battle
Jul 01, 2015 8:59:56 AM gui info
INFO: AFter In battle
Jul 01, 2015 8:59:59 AM gui info
INFO: End of battle false
Jul 01, 2015 9:00:02 AM gui info
INFO: clicked safe spot
Jul 01, 2015 9:00:02 AM gui info
INFO: end loop
Jul 01, 2015 9:00:02 AM gui info
INFO: Read file value is 2
Jul 01, 2015 9:00:04 AM gui info
INFO: Checking In battle
Jul 01, 2015 9:00:04 AM gui info
INFO: AFter In battle
Jul 01, 2015 9:00:06 AM gui info
INFO: End of battle false
Jul 01, 2015 9:00:09 AM gui info
INFO: clicked safe spot
Jul 01, 2015 9:00:09 AM gui info
INFO: end loop
Jul 01, 2015 9:00:09 AM gui info
INFO: Read file value is 2
Jul 01, 2015 9:00:12 AM gui info
INFO: Checking In battle
Jul 01, 2015 9:00:12 AM gui info
INFO: AFter In battle
Jul 01, 2015 9:00:14 AM gui info
INFO: End of battle false
Jul 01, 2015 9:00:17 AM gui info
INFO: clicked safe spot
Jul 01, 2015 9:00:17 AM gui info
INFO: end loop
Jul 01, 2015 9:00:17 AM gui info
INFO: Read file value is 2
Jul 01, 2015 9:00:19 AM gui info
INFO: Checking In battle
Jul 01, 2015 9:00:19 AM gui info
INFO: AFter In battle
Jul 01, 2015 9:00:21 AM gui info
INFO: End of battle false
Jul 01, 2015 9:00:25 AM gui info
INFO: clicked safe spot
Jul 01, 2015 9:00:25 AM gui info
INFO: end loop
Jul 01, 2015 9:00:25 AM gui info
INFO: Read file value is 2
Jul 01, 2015 9:00:27 AM gui info
INFO: Checking In battle
Jul 01, 2015 9:00:27 AM gui info
INFO: AFter In battle
Jul 01, 2015 9:00:29 AM gui info
INFO: End of battle false
Jul 01, 2015 9:00:32 AM gui info
INFO: clicked safe spot
Jul 01, 2015 9:00:32 AM gui info
INFO: end loop
Jul 01, 2015 9:00:35 AM gui info
INFO: SEND TEXT
Jul 01, 2015 9:04:41 AM gui info
INFO: null
Jul 01, 2015 9:04:41 AM gui info
INFO: Read file value is 2
Jul 01, 2015 9:04:43 AM gui info
INFO: Checking In battle
Jul 01, 2015 9:04:43 AM gui info
INFO: AFter In battle
Jul 01, 2015 9:04:45 AM gui info
INFO: End of battle false
Jul 01, 2015 9:04:48 AM gui info
INFO: clicked safe spot
Jul 01, 2015 9:04:48 AM gui info
INFO: end loop
Jul 01, 2015 9:04:48 AM gui info
INFO: Read file value is 2
Jul 01, 2015 9:04:51 AM gui info
INFO: Checking In battle
Jul 01, 2015 9:04:51 AM gui info
INFO: AFter In battle
Jul 01, 2015 9:04:53 AM gui info
INFO: End of battle false
Jul 01, 2015 9:04:56 AM gui info
INFO: clicked safe spot
Jul 01, 2015 9:04:56 AM gui info
INFO: end loop
Jul 01, 2015 9:04:56 AM gui info
INFO: Read file value is 2
Jul 01, 2015 9:04:58 AM gui info
INFO: Checking In battle
Jul 01, 2015 9:04:58 AM gui info
INFO: AFter In battle
Jul 01, 2015 9:05:01 AM gui info
INFO: End of battle false
Jul 01, 2015 9:05:04 AM gui info
INFO: clicked safe spot
Jul 01, 2015 9:05:04 AM gui info
INFO: end loop
Jul 01, 2015 9:05:04 AM gui info
INFO: Read file value is 2
Jul 01, 2015 9:05:07 AM gui info
INFO: clicked safe spot
Jul 01, 2015 9:05:08 AM gui info
INFO: Coming out of set up screen
Jul 01, 2015 9:05:11 AM gui info
INFO: need to train troops
Jul 01, 2015 9:05:12 AM gui info
INFO: clicked safe spot
Jul 01, 2015 9:05:13 AM gui info
INFO: clicked safe spot
Jul 01, 2015 9:05:18 AM gui info
INFO: Checking In battle
Jul 01, 2015 9:05:18 AM gui info
INFO: AFter In battle
Jul 01, 2015 9:05:21 AM gui info
INFO: End of battle false
Jul 01, 2015 9:05:24 AM gui info
INFO: clicked safe spot
Jul 01, 2015 9:05:24 AM gui info
INFO: end loop
Jul 01, 2015 9:05:24 AM gui info
INFO: Read file value is 2
Jul 01, 2015 9:05:27 AM gui info
INFO: clicked safe spot
Jul 01, 2015 9:05:28 AM gui info
INFO: Coming out of set up screen
Jul 01, 2015 9:05:31 AM gui info
INFO: need to train troops
Jul 01, 2015 9:05:32 AM gui info
INFO: clicked safe spot
Jul 01, 2015 9:05:33 AM gui info
INFO: clicked safe spot
Jul 01, 2015 9:05:38 AM gui info
INFO: Checking In battle
Jul 01, 2015 9:05:38 AM gui info
INFO: AFter In battle
Jul 01, 2015 9:05:41 AM gui info
INFO: End of battle false
Jul 01, 2015 9:05:44 AM gui info
INFO: clicked safe spot
Jul 01, 2015 9:05:44 AM gui info
INFO: end loop
Jul 01, 2015 9:05:44 AM gui info
INFO: Read file value is 2
Jul 01, 2015 9:05:47 AM gui info
INFO: clicked safe spot
Jul 01, 2015 9:05:48 AM gui info
INFO: Coming out of set up screen
Jul 01, 2015 9:05:51 AM gui info
INFO: need to train troops
Jul 01, 2015 9:05:52 AM gui info
INFO: clicked safe spot
Jul 01, 2015 9:05:53 AM gui info
INFO: clicked safe spot
Jul 01, 2015 9:05:58 AM gui info
INFO: Checking In battle
Jul 01, 2015 9:05:58 AM gui info
INFO: AFter In battle
